<?xml version="1.0" encoding="UTF-8"?>
<!-- Generated by org.testng.reporters.JUnitXMLReporter -->
<testsuite ignored="0" hostname="DESKTOP-40SP35D" failures="0" tests="4" name="Test" time="70.147" errors="0" timestamp="2022-06-26T08:58:23 PDT">
  <testcase classname="Academy.E2EProject.HomePage" name="baseNavigation" time="2.358"/>
  <testcase classname="Academy.E2EProject.HomePage" name="baseNavigation" time="2.112"/>
  <testcase classname="Academy.E2EProject.validateNavigationBar" name="baseNavigation" time="0.224"/>
  <testcase classname="Academy.E2EProject.validateTitle" name="baseNavigation" time="0.07"/>
</testsuite> <!-- Test -->
