<?xml version="1.0" encoding="UTF-8"?>
<testng-results ignored="0" total="4" passed="4" failed="0" skipped="0">
  <reporter-output>
  </reporter-output>
  <suite started-at="2022-06-26T08:57:13 PDT" name="Suite" finished-at="2022-06-26T08:58:23 PDT" duration-ms="70147">
    <groups>
    </groups>
    <test started-at="2022-06-26T08:57:13 PDT" name="Test" finished-at="2022-06-26T08:58:23 PDT" duration-ms="70147">
      <class name="Academy.E2EProject.validateTitle">
        <test-method is-config="true" signature="initialize()[pri:0, instance:Academy.E2EProject.validateTitle@6404f418]" started-at="2022-06-26T08:57:24 PDT" name="initialize" finished-at="2022-06-26T08:57:41 PDT" duration-ms="17627" status="PASS">
          <reporter-output>
          </reporter-output>
        </test-method> <!-- initialize -->
        <test-method signature="baseNavigation()[pri:0, instance:Academy.E2EProject.validateTitle@6404f418]" started-at="2022-06-26T08:58:23 PDT" name="baseNavigation" finished-at="2022-06-26T08:58:23 PDT" duration-ms="70" status="PASS">
          <reporter-output>
          </reporter-output>
        </test-method> <!-- baseNavigation -->
        <test-method is-config="true" signature="tearDown()[pri:0, instance:Academy.E2EProject.validateTitle@6404f418]" started-at="2022-06-26T08:58:23 PDT" name="tearDown" finished-at="2022-06-26T08:58:23 PDT" duration-ms="124" status="PASS">
          <reporter-output>
          </reporter-output>
        </test-method> <!-- tearDown -->
      </class> <!-- Academy.E2EProject.validateTitle -->
      <class name="Academy.E2EProject.HomePage">
        <test-method is-config="true" signature="initialize()[pri:0, instance:Academy.E2EProject.HomePage@4229bb3f]" started-at="2022-06-26T08:57:41 PDT" name="initialize" finished-at="2022-06-26T08:58:00 PDT" duration-ms="18403" status="PASS">
          <reporter-output>
          </reporter-output>
        </test-method> <!-- initialize -->
        <test-method signature="baseNavigation(java.lang.String,java.lang.String,java.lang.String)[pri:0, instance:Academy.E2EProject.HomePage@4229bb3f]" started-at="2022-06-26T08:58:00 PDT" name="baseNavigation" data-provider="getData" finished-at="2022-06-26T08:58:02 PDT" duration-ms="2358" status="PASS">
          <params>
            <param index="0">
              <value>
                <![CDATA[nonrestricteduser@qw.com]]>
              </value>
            </param>
            <param index="1">
              <value>
                <![CDATA[12345]]>
              </value>
            </param>
            <param index="2">
              <value>
                <![CDATA[Restricted user]]>
              </value>
            </param>
          </params>
          <reporter-output>
          </reporter-output>
        </test-method> <!-- baseNavigation -->
        <test-method is-config="true" signature="tearDown()[pri:0, instance:Academy.E2EProject.HomePage@4229bb3f]" started-at="2022-06-26T08:58:02 PDT" name="tearDown" finished-at="2022-06-26T08:58:02 PDT" duration-ms="120" status="PASS">
          <reporter-output>
          </reporter-output>
        </test-method> <!-- tearDown -->
        <test-method is-config="true" signature="initialize()[pri:0, instance:Academy.E2EProject.HomePage@4229bb3f]" started-at="2022-06-26T08:58:02 PDT" name="initialize" finished-at="2022-06-26T08:58:20 PDT" duration-ms="17983" status="PASS">
          <reporter-output>
          </reporter-output>
        </test-method> <!-- initialize -->
        <test-method signature="baseNavigation(java.lang.String,java.lang.String,java.lang.String)[pri:0, instance:Academy.E2EProject.HomePage@4229bb3f]" started-at="2022-06-26T08:58:20 PDT" name="baseNavigation" data-provider="getData" finished-at="2022-06-26T08:58:22 PDT" duration-ms="2112" status="PASS">
          <params>
            <param index="0">
              <value>
                <![CDATA[restricteduser@qw.com]]>
              </value>
            </param>
            <param index="1">
              <value>
                <![CDATA[456788]]>
              </value>
            </param>
            <param index="2">
              <value>
                <![CDATA[NonRestricted user]]>
              </value>
            </param>
          </params>
          <reporter-output>
          </reporter-output>
        </test-method> <!-- baseNavigation -->
        <test-method is-config="true" signature="tearDown()[pri:0, instance:Academy.E2EProject.HomePage@4229bb3f]" started-at="2022-06-26T08:58:22 PDT" name="tearDown" finished-at="2022-06-26T08:58:22 PDT" duration-ms="81" status="PASS">
          <reporter-output>
          </reporter-output>
        </test-method> <!-- tearDown -->
      </class> <!-- Academy.E2EProject.HomePage -->
      <class name="Academy.E2EProject.validateNavigationBar">
        <test-method is-config="true" signature="initialize()[pri:0, instance:Academy.E2EProject.validateNavigationBar@316bcf94]" started-at="2022-06-26T08:57:13 PDT" name="initialize" finished-at="2022-06-26T08:57:24 PDT" duration-ms="10884" status="PASS">
          <reporter-output>
          </reporter-output>
        </test-method> <!-- initialize -->
        <test-method signature="baseNavigation()[pri:0, instance:Academy.E2EProject.validateNavigationBar@316bcf94]" started-at="2022-06-26T08:58:22 PDT" name="baseNavigation" finished-at="2022-06-26T08:58:23 PDT" duration-ms="224" status="PASS">
          <reporter-output>
          </reporter-output>
        </test-method> <!-- baseNavigation -->
        <test-method is-config="true" signature="tearDown()[pri:0, instance:Academy.E2EProject.validateNavigationBar@316bcf94]" started-at="2022-06-26T08:58:23 PDT" name="tearDown" finished-at="2022-06-26T08:58:23 PDT" duration-ms="126" status="PASS">
          <reporter-output>
          </reporter-output>
        </test-method> <!-- tearDown -->
      </class> <!-- Academy.E2EProject.validateNavigationBar -->
    </test> <!-- Test -->
  </suite> <!-- Suite -->
</testng-results>
